Start testing: Oct 05 15:07 PDT
----------------------------------------------------------
1/1 Testing: TEST
1/1 Test: TEST
Command: "/home/gabriel/Desktop/C++/upgraded-disco/build/TEST"
Directory: /home/gabriel/Desktop/C++/upgraded-disco/build
"TEST" start time: Oct 05 15:07 PDT
Output:
----------------------------------------------------------
[==========] Running 3 tests from 2 test suites.
[----------] Global test environment set-up.
[----------] 2 tests from StudentTest
[ RUN      ] StudentTest.GetName
[       OK ] StudentTest.GetName (0 ms)
[ RUN      ] StudentTest.GetID
[       OK ] StudentTest.GetID (0 ms)
[----------] 2 tests from StudentTest (0 ms total)

[----------] 1 test from DoublyLinkedListTest
[ RUN      ] DoublyLinkedListTest.searchTest
3[       OK ] DoublyLinkedListTest.searchTest (0 ms)
[----------] 1 test from DoublyLinkedListTest (0 ms total)

[----------] Global test environment tear-down
[==========] 3 tests from 2 test suites ran. (0 ms total)
[  PASSED  ] 3 tests.
<end of output>
Test time =   0.00 sec
----------------------------------------------------------
Test Passed.
"TEST" end time: Oct 05 15:07 PDT
"TEST" time elapsed: 00:00:00
----------------------------------------------------------

End testing: Oct 05 15:07 PDT
