<?xml version="1.0" encoding="UTF-8"?>
<Site BuildName="(empty)"
	BuildStamp="20231005-2151-Experimental"
	Name="(empty)"
	Generator="ctest-3.16.3"
	CompilerName=""
	CompilerVersion=""
	OSName="Linux"
	Hostname="gabriel-System-Product-Name"
	OSRelease="5.15.0-84-generic"
	OSVersion="#93~20.04.1-Ubuntu SMP Wed Sep 6 16:15:40 UTC 2023"
	OSPlatform="x86_64"
	Is64Bits="1"
	VendorString="AuthenticAMD"
	VendorID="Advanced Micro Devices"
	FamilyID="23"
	ModelID="8"
	ProcessorCacheSize="512"
	NumberOfLogicalCPU="16"
	NumberOfPhysicalCPU="8"
	TotalVirtualMemory="2047"
	TotalPhysicalMemory="32011"
	LogicalProcessorsPerPhysical="2"
	ProcessorClockFrequency="2200"
	>
	<Testing>
		<StartDateTime>Oct 05 15:07 PDT</StartDateTime>
		<StartTestTime>1696543628</StartTestTime>
		<TestList>
			<Test>./TEST</Test>
		</TestList>
		<Test Status="passed">
			<Name>TEST</Name>
			<Path>.</Path>
			<FullName>./TEST</FullName>
			<FullCommandLine>/home/gabriel/Desktop/C++/upgraded-disco/build/TEST</FullCommandLine>
			<Results>
				<NamedMeasurement type="numeric/double" name="Execution Time">
					<Value>0.00295151</Value>
				</NamedMeasurement>
				<NamedMeasurement type="numeric/double" name="Processors">
					<Value>1</Value>
				</NamedMeasurement>
				<NamedMeasurement type="text/string" name="Completion Status">
					<Value>Completed</Value>
				</NamedMeasurement>
				<NamedMeasurement type="text/string" name="Command Line">
					<Value>/home/gabriel/Desktop/C++/upgraded-disco/build/TEST</Value>
				</NamedMeasurement>
				<Measurement>
					<Value encoding="base64" compression="gzip">eJyNkrEOgjAQhvc+xY0y0KjMDiYYYjRqRCfCUKVqI1wNbTW+vRUMAQPoLU3b7/67/9poUkUMW4Mo8AweaK60glMuMxgXG1BG2JWSyK0ihiCVB5aWAMe7yCVmHC3MtWtuX/C4rhpqk1hyZ09IBNv9CoqI6xc04HrFMm6BMtaLdgAGQ8iU0ys093tl5n4l8k/PJQxaapY6pJkzKudRpPjSHNLnUuCVJ0uhWvy2EVRxlh8vBew1uv5Bt3r41U+fl64H1rakm8gHkqj+gbo/DuQMabOSNbaZhuHMf4/hk0nJC8Csymw=</Value>
				</Measurement>
			</Results>
		</Test>
		<EndDateTime>Oct 05 15:07 PDT</EndDateTime>
		<EndTestTime>1696543628</EndTestTime>
		<ElapsedMinutes>0</ElapsedMinutes>
	</Testing>
</Site>
