<?xml version="1.0" encoding="UTF-8"?>
<Site BuildName="(empty)"
	BuildStamp="20231004-2105-Experimental"
	Name="(empty)"
	Generator="ctest-3.16.3"
	CompilerName=""
	CompilerVersion=""
	OSName="Linux"
	Hostname="gabriel-System-Product-Name"
	OSRelease="5.15.0-84-generic"
	OSVersion="#93~20.04.1-Ubuntu SMP Wed Sep 6 16:15:40 UTC 2023"
	OSPlatform="x86_64"
	Is64Bits="1"
	VendorString="AuthenticAMD"
	VendorID="Advanced Micro Devices"
	FamilyID="23"
	ModelID="8"
	ProcessorCacheSize="512"
	NumberOfLogicalCPU="16"
	NumberOfPhysicalCPU="8"
	TotalVirtualMemory="2047"
	TotalPhysicalMemory="32011"
	LogicalProcessorsPerPhysical="2"
	ProcessorClockFrequency="3839.22"
	>
	<Testing>
		<StartDateTime>Oct 04 15:41 PDT</StartDateTime>
		<StartTestTime>1696459272</StartTestTime>
		<TestList/>
		<EndDateTime>Oct 04 15:41 PDT</EndDateTime>
		<EndTestTime>1696459272</EndTestTime>
		<ElapsedMinutes>0</ElapsedMinutes>
	</Testing>
</Site>
